<?xml version="1.0" encoding="UTF-8"?>
<testsuite name="tourGuide.service.TestTourGuideService" tests="6" skipped="0" failures="1" errors="0" timestamp="2021-11-09T22:49:44" hostname="MSI" time="0.314">
  <properties/>
  <testcase name="getUserLocation" classname="tourGuide.service.TestTourGuideService" time="0.206"/>
  <testcase name="addUser" classname="tourGuide.service.TestTourGuideService" time="0.001"/>
  <testcase name="getTripDeals" classname="tourGuide.service.TestTourGuideService" time="0.048">
    <failure message="java.lang.AssertionError: expected:&lt;10&gt; but was:&lt;5&gt;" type="java.lang.AssertionError">java.lang.AssertionError: expected:&lt;10&gt; but was:&lt;5&gt;
	at org.junit.Assert.fail(Assert.java:88)
	at org.junit.Assert.failNotEquals(Assert.java:834)
	at org.junit.Assert.assertEquals(Assert.java:645)
	at org.junit.Assert.assertEquals(Assert.java:631)
	at tourGuide.service.TestTourGuideService.getTripDeals(TestTourGuideService.java:130)
	at sun.reflect.NativeMethodAccessorImpl.invoke0(Native Method)
	at sun.reflect.NativeMethodAccessorImpl.invoke(NativeMethodAccessorImpl.java:62)
	at sun.reflect.DelegatingMethodAccessorImpl.invoke(DelegatingMethodAccessorImpl.java:43)
	at java.lang.reflect.Method.invoke(Method.java:498)
	at org.junit.runners.model.FrameworkMethod$1.runReflectiveCall(FrameworkMethod.java:50)
	at org.junit.internal.runners.model.ReflectiveCallable.run(ReflectiveCallable.java:12)
	at org.junit.runners.model.FrameworkMethod.invokeExplosively(FrameworkMethod.java:47)
	at org.junit.internal.runners.statements.InvokeMethod.evaluate(InvokeMethod.java:17)
	at org.junit.runners.ParentRunner.runLeaf(ParentRunner.java:325)
	at org.junit.runners.BlockJUnit4ClassRunner.runChild(BlockJUnit4ClassRunner.java:78)
	at org.junit.runners.BlockJUnit4ClassRunner.runChild(BlockJUnit4ClassRunner.java:57)
	at org.junit.runners.ParentRunner$3.run(ParentRunner.java:290)
	at org.junit.runners.ParentRunner$1.schedule(ParentRunner.java:71)
	at org.junit.runners.ParentRunner.runChildren(ParentRunner.java:288)
	at org.junit.runners.ParentRunner.access$000(ParentRunner.java:58)
	at org.junit.runners.ParentRunner$2.evaluate(ParentRunner.java:268)
	at org.junit.runners.ParentRunner.run(ParentRunner.java:363)
	at org.gradle.api.internal.tasks.testing.junit.JUnitTestClassExecutor.runTestClass(JUnitTestClassExecutor.java:106)
	at org.gradle.api.internal.tasks.testing.junit.JUnitTestClassExecutor.execute(JUnitTestClassExecutor.java:58)
	at org.gradle.api.internal.tasks.testing.junit.JUnitTestClassExecutor.execute(JUnitTestClassExecutor.java:38)
	at org.gradle.api.internal.tasks.testing.junit.AbstractJUnitTestClassProcessor.processTestClass(AbstractJUnitTestClassProcessor.java:66)
	at org.gradle.api.internal.tasks.testing.SuiteTestClassProcessor.processTestClass(SuiteTestClassProcessor.java:51)
	at sun.reflect.NativeMethodAccessorImpl.invoke0(Native Method)
	at sun.reflect.NativeMethodAccessorImpl.invoke(NativeMethodAccessorImpl.java:62)
	at sun.reflect.DelegatingMethodAccessorImpl.invoke(DelegatingMethodAccessorImpl.java:43)
	at java.lang.reflect.Method.invoke(Method.java:498)
	at org.gradle.internal.dispatch.ReflectionDispatch.dispatch(ReflectionDispatch.java:35)
	at org.gradle.internal.dispatch.ReflectionDispatch.dispatch(ReflectionDispatch.java:24)
	at org.gradle.internal.dispatch.ContextClassLoaderDispatch.dispatch(ContextClassLoaderDispatch.java:32)
	at org.gradle.internal.dispatch.ProxyDispatchAdapter$DispatchingInvocationHandler.invoke(ProxyDispatchAdapter.java:93)
	at com.sun.proxy.$Proxy1.processTestClass(Unknown Source)
	at org.gradle.api.internal.tasks.testing.worker.TestWorker.processTestClass(TestWorker.java:109)
	at sun.reflect.NativeMethodAccessorImpl.invoke0(Native Method)
	at sun.reflect.NativeMethodAccessorImpl.invoke(NativeMethodAccessorImpl.java:62)
	at sun.reflect.DelegatingMethodAccessorImpl.invoke(DelegatingMethodAccessorImpl.java:43)
	at java.lang.reflect.Method.invoke(Method.java:498)
	at org.gradle.internal.dispatch.ReflectionDispatch.dispatch(ReflectionDispatch.java:35)
	at org.gradle.internal.dispatch.ReflectionDispatch.dispatch(ReflectionDispatch.java:24)
	at org.gradle.internal.remote.internal.hub.MessageHubBackedObjectConnection$DispatchWrapper.dispatch(MessageHubBackedObjectConnection.java:155)
	at org.gradle.internal.remote.internal.hub.MessageHubBackedObjectConnection$DispatchWrapper.dispatch(MessageHubBackedObjectConnection.java:137)
	at org.gradle.internal.remote.internal.hub.MessageHub$Handler.run(MessageHub.java:404)
	at org.gradle.internal.concurrent.ExecutorPolicy$CatchAndRecordFailures.onExecute(ExecutorPolicy.java:63)
	at org.gradle.internal.concurrent.ManagedExecutorImpl$1.run(ManagedExecutorImpl.java:46)
	at java.util.concurrent.ThreadPoolExecutor.runWorker(ThreadPoolExecutor.java:1149)
	at java.util.concurrent.ThreadPoolExecutor$Worker.run(ThreadPoolExecutor.java:624)
	at org.gradle.internal.concurrent.ThreadFactoryImpl$ManagedThreadRunnable.run(ThreadFactoryImpl.java:55)
	at java.lang.Thread.run(Thread.java:748)
</failure>
  </testcase>
  <testcase name="getAllUsers" classname="tourGuide.service.TestTourGuideService" time="0.001"/>
  <testcase name="trackUser" classname="tourGuide.service.TestTourGuideService" time="0.034"/>
  <testcase name="getNearbyAttractions" classname="tourGuide.service.TestTourGuideService" time="0.024"/>
  <system-out><![CDATA[23:49:44.445 [Test worker] INFO tourGuide.service.TourGuideService - TestMode enabled
23:49:44.451 [Test worker] DEBUG tourGuide.service.TourGuideService - Initializing users
23:49:44.454 [Test worker] DEBUG tourGuide.DAO.InternalUserMapDAO - Created 0 internal test users.
23:49:44.455 [Test worker] DEBUG tourGuide.service.TourGuideService - Finished initializing users
23:49:44.465 [pool-1-thread-1] DEBUG tourGuide.tracker.Tracker - Begin Tracker. Tracking 0 users.
23:49:44.466 [pool-1-thread-1] DEBUG tourGuide.tracker.Tracker - Tracker Time Elapsed: 0 seconds.
23:49:44.466 [pool-1-thread-1] DEBUG tourGuide.tracker.Tracker - Tracker sleeping
23:49:44.552 [Test worker] INFO tourGuide.service.TourGuideService - TestMode enabled
23:49:44.552 [Test worker] DEBUG tourGuide.service.TourGuideService - Initializing users
23:49:44.552 [Test worker] DEBUG tourGuide.DAO.InternalUserMapDAO - Created 0 internal test users.
23:49:44.552 [Test worker] DEBUG tourGuide.service.TourGuideService - Finished initializing users
23:49:44.552 [pool-3-thread-1] DEBUG tourGuide.tracker.Tracker - Begin Tracker. Tracking 0 users.
23:49:44.552 [pool-3-thread-1] DEBUG tourGuide.tracker.Tracker - Tracker Time Elapsed: 0 seconds.
23:49:44.552 [pool-3-thread-1] DEBUG tourGuide.tracker.Tracker - Tracker sleeping
23:49:44.553 [Test worker] INFO tourGuide.service.TourGuideService - TestMode enabled
23:49:44.553 [Test worker] DEBUG tourGuide.service.TourGuideService - Initializing users
23:49:44.553 [Test worker] DEBUG tourGuide.DAO.InternalUserMapDAO - Created 0 internal test users.
23:49:44.553 [Test worker] DEBUG tourGuide.service.TourGuideService - Finished initializing users
23:49:44.553 [pool-4-thread-1] DEBUG tourGuide.tracker.Tracker - Begin Tracker. Tracking 0 users.
23:49:44.553 [pool-4-thread-1] DEBUG tourGuide.tracker.Tracker - Tracker Time Elapsed: 0 seconds.
23:49:44.553 [pool-4-thread-1] DEBUG tourGuide.tracker.Tracker - Tracker sleeping
23:49:44.601 [Test worker] INFO tourGuide.service.TourGuideService - TestMode enabled
23:49:44.601 [Test worker] DEBUG tourGuide.service.TourGuideService - Initializing users
23:49:44.601 [Test worker] DEBUG tourGuide.DAO.InternalUserMapDAO - Created 0 internal test users.
23:49:44.601 [Test worker] DEBUG tourGuide.service.TourGuideService - Finished initializing users
23:49:44.602 [pool-5-thread-1] DEBUG tourGuide.tracker.Tracker - Begin Tracker. Tracking 0 users.
23:49:44.602 [pool-5-thread-1] DEBUG tourGuide.tracker.Tracker - Tracker Time Elapsed: 0 seconds.
23:49:44.602 [pool-5-thread-1] DEBUG tourGuide.tracker.Tracker - Tracker sleeping
23:49:44.602 [Test worker] INFO tourGuide.service.TourGuideService - TestMode enabled
23:49:44.602 [Test worker] DEBUG tourGuide.service.TourGuideService - Initializing users
23:49:44.602 [Test worker] DEBUG tourGuide.DAO.InternalUserMapDAO - Created 0 internal test users.
23:49:44.602 [Test worker] DEBUG tourGuide.service.TourGuideService - Finished initializing users
23:49:44.603 [pool-6-thread-1] DEBUG tourGuide.tracker.Tracker - Begin Tracker. Tracking 0 users.
23:49:44.603 [pool-6-thread-1] DEBUG tourGuide.tracker.Tracker - Tracker Time Elapsed: 0 seconds.
23:49:44.603 [pool-6-thread-1] DEBUG tourGuide.tracker.Tracker - Tracker sleeping
23:49:44.635 [Test worker] INFO tourGuide.service.TourGuideService - TestMode enabled
23:49:44.635 [Test worker] DEBUG tourGuide.service.TourGuideService - Initializing users
23:49:44.635 [Test worker] DEBUG tourGuide.DAO.InternalUserMapDAO - Created 0 internal test users.
23:49:44.636 [Test worker] DEBUG tourGuide.service.TourGuideService - Finished initializing users
23:49:44.636 [pool-9-thread-1] DEBUG tourGuide.tracker.Tracker - Begin Tracker. Tracking 0 users.
23:49:44.636 [pool-9-thread-1] DEBUG tourGuide.tracker.Tracker - Tracker Time Elapsed: 0 seconds.
23:49:44.636 [pool-9-thread-1] DEBUG tourGuide.tracker.Tracker - Tracker sleeping
]]></system-out>
  <system-err><![CDATA[nov. 09, 2021 11:49:44 PM org.javamoney.moneta.DefaultMonetaryContextFactory createMonetaryContextNonNullConfig
INFOS: Using custom MathContext: precision=256, roundingMode=HALF_EVEN
]]></system-err>
</testsuite>
